desc: --massif-out-file=/mnt/c/Users/PC/Desktop/kod/Master/Verifikacija/2024_Research_MassifCheck/massif_files/massif_output.out
cmd: /mnt/c/Users/PC/Desktop/kod/C++/Hello.out
time_unit: i
#-----------
snapshot=0
#-----------
time=0
mem_heap_B=0
mem_heap_extra_B=0
mem_stacks_B=0
heap_tree=empty
#-----------
snapshot=1
#-----------
time=1924629
mem_heap_B=73728
mem_heap_extra_B=8
mem_stacks_B=0
heap_tree=empty
#-----------
snapshot=2
#-----------
time=1929873
mem_heap_B=74752
mem_heap_extra_B=16
mem_stacks_B=0
heap_tree=empty
#-----------
snapshot=3
#-----------
time=1943059
mem_heap_B=74752
mem_heap_extra_B=16
mem_stacks_B=0
heap_tree=peak
n2: 74752 (heap allocation functions) malloc/new/new[], --alloc-fns, etc.
 n1: 73728 0x490E38E: ??? (in /usr/lib/x86_64-linux-gnu/libstdc++.so.6.0.33)
  n1: 73728 0x400571E: call_init.part.0 (dl-init.c:74)
   n1: 73728 0x4005823: call_init (dl-init.c:120)
    n1: 73728 0x4005823: _dl_init (dl-init.c:121)
     n0: 73728 0x401F59F: ??? (in /usr/lib/x86_64-linux-gnu/ld-linux-x86-64.so.2)
 n1: 1024 0x4B5A1B4: _IO_file_doallocate (filedoalloc.c:101)
  n1: 1024 0x4B6A523: _IO_doallocbuf (genops.c:347)
   n1: 1024 0x4B67F8F: _IO_file_overflow@@GLIBC_2.2.5 (fileops.c:745)
    n1: 1024 0x4B68AAE: _IO_new_file_xsputn (fileops.c:1244)
     n1: 1024 0x4B68AAE: _IO_file_xsputn@@GLIBC_2.2.5 (fileops.c:1197)
      n1: 1024 0x4B5BA11: fwrite (iofwrite.c:39)
       n1: 1024 0x49ADDC3: std::basic_ostream<char, std::char_traits<char> >& std::__ostream_insert<char, std::char_traits<char> >(std::basic_ostream<char, std::char_traits<char> >&, char const*, long) (in /usr/lib/x86_64-linux-gnu/libstdc++.so.6.0.33)
        n1: 1024 0x49AE13B: std::basic_ostream<char, std::char_traits<char> >& std::operator<< <std::char_traits<char> >(std::basic_ostream<char, std::char_traits<char> >&, char const*) (in /usr/lib/x86_64-linux-gnu/libstdc++.so.6.0.33)
         n0: 1024 0x109169: main (Hello.cpp:6)
#-----------
snapshot=4
#-----------
time=1943059
mem_heap_B=1024
mem_heap_extra_B=8
mem_stacks_B=0
heap_tree=empty
#-----------
snapshot=5
#-----------
time=1944239
mem_heap_B=0
mem_heap_extra_B=0
mem_stacks_B=0
heap_tree=empty
